<?xml version="1.0" encoding="UTF-8"?>
<testng-results ignored="0" total="1" passed="1" failed="0" skipped="0">
  <reporter-output>
  </reporter-output>
  <suite started-at="2025-04-04T15:47:59 IST" name="Default Suite" finished-at="2025-04-04T15:47:59 IST" duration-ms="70">
    <groups>
    </groups>
    <test started-at="2025-04-04T15:47:59 IST" name="TestNG_Maven" finished-at="2025-04-04T15:47:59 IST" duration-ms="70">
      <class name="TestCases">
        <test-method signature="TestCase1()[pri:0, instance:TestCases@75329a49]" started-at="2025-04-04T15:47:59 IST" name="TestCase1" finished-at="2025-04-04T15:47:59 IST" duration-ms="8" status="PASS">
          <reporter-output>
          </reporter-output>
        </test-method> <!-- TestCase1 -->
      </class> <!-- TestCases -->
    </test> <!-- TestNG_Maven -->
  </suite> <!-- Default Suite -->
</testng-results>
